ForgeAI Services Restart Script
================================
Restarting services for application: hackathon
Frontend port: 11169
Backend port: 11170
Stopping existing processes...
Killing frontend processes on port 11169: 24554
Killing frontend PID: 24554
Killing backend processes on port 11170: 24553
24564
Killing backend PID: 24553
Killing backend PID: 24564
Starting backend...
Installing requirements...
Using backend file: main_back.py
Setting root_path to: /tousconcernes/hackathon
Backend started with PID: 24738
Starting frontend...
Using frontend file: main_front.py
Using path-based URL: tousconcernes/hackathon
Frontend started with PID: 24739
Services restarted successfully!
================================
